I, [2021-06-07T15:03:36.560505 #9474]  INFO -- : Registered expected interaction GET /product/10
D, [2021-06-07T15:03:36.560750 #9474] DEBUG -- : {
  "description": "a request to get product with ID 10",
  "providerState": "product with ID 10 exists",
  "request": {
    "method": "GET",
    "path": "/product/10",
    "headers": {
      "Authorization": {
        "json_class": "Pact::SomethingLike",
        "contents": "Bearer 2019-01-14T11:34:18.045Z"
      }
    }
  },
  "response": {
    "status": 200,
    "headers": {
      "Content-Type": {
        "json_class": "Pact::Term",
        "data": {
          "generate": "application/json; charset=utf-8",
          "matcher": {
            "json_class": "Regexp",
            "o": 0,
            "s": "application/json;?.*"
          }
        }
      }
    },
    "body": {
      "id": "10",
      "name": "28 Degrees",
      "type": "CREDIT_CARD",
      "version": "v1"
    }
  },
  "metadata": null
}
I, [2021-06-07T15:03:36.569467 #9474]  INFO -- : Received request GET /product/10
D, [2021-06-07T15:03:36.569572 #9474] DEBUG -- : {
  "path": "/product/10",
  "query": "",
  "method": "get",
  "headers": {
    "Accept": "application/json, text/plain, */*",
    "Authorization": "Bearer 2021-06-07T08:03:36.564Z",
    "User-Agent": "axios/0.21.1",
    "Host": "localhost:4321",
    "Connection": "close",
    "Version": "HTTP/1.1"
  }
}
I, [2021-06-07T15:03:36.569913 #9474]  INFO -- : Found matching response for GET /product/10
D, [2021-06-07T15:03:36.570006 #9474] DEBUG -- : {
  "status": 200,
  "headers": {
    "Content-Type": {
      "json_class": "Pact::Term",
      "data": {
        "generate": "application/json; charset=utf-8",
        "matcher": {
          "json_class": "Regexp",
          "o": 0,
          "s": "application/json;?.*"
        }
      }
    }
  },
  "body": {
    "id": "10",
    "name": "28 Degrees",
    "type": "CREDIT_CARD",
    "version": "v1"
  }
}
I, [2021-06-07T15:03:36.577476 #9474]  INFO -- : Verifying - interactions matched
I, [2021-06-07T15:03:36.584539 #9474]  INFO -- : Cleared interactions
I, [2021-06-07T15:03:36.592781 #9474]  INFO -- : Registered expected interaction GET /product/12
D, [2021-06-07T15:03:36.592869 #9474] DEBUG -- : {
  "description": "a request to get product with ID 12",
  "providerState": "product with ID 12 does not exist",
  "request": {
    "method": "GET",
    "path": "/product/12",
    "headers": {
      "Authorization": {
        "json_class": "Pact::SomethingLike",
        "contents": "Bearer 2019-01-14T11:34:18.045Z"
      }
    }
  },
  "response": {
    "status": 404,
    "headers": {
    }
  },
  "metadata": null
}
I, [2021-06-07T15:03:36.599280 #9474]  INFO -- : Received request GET /product/12
D, [2021-06-07T15:03:36.599401 #9474] DEBUG -- : {
  "path": "/product/12",
  "query": "",
  "method": "get",
  "headers": {
    "Accept": "application/json, text/plain, */*",
    "Authorization": "Bearer 2021-06-07T08:03:36.595Z",
    "User-Agent": "axios/0.21.1",
    "Host": "localhost:4321",
    "Connection": "close",
    "Version": "HTTP/1.1"
  }
}
I, [2021-06-07T15:03:36.599501 #9474]  INFO -- : Found matching response for GET /product/12
D, [2021-06-07T15:03:36.599543 #9474] DEBUG -- : {
  "status": 404,
  "headers": {
  }
}
I, [2021-06-07T15:03:36.606341 #9474]  INFO -- : Verifying - interactions matched
I, [2021-06-07T15:03:36.614491 #9474]  INFO -- : Cleared interactions
I, [2021-06-07T15:03:36.621728 #9474]  INFO -- : Registered expected interaction GET /product/10
D, [2021-06-07T15:03:36.621808 #9474] DEBUG -- : {
  "description": "a request to get one product with no auth token",
  "providerState": "no auth token when getting one product",
  "request": {
    "method": "GET",
    "path": "/product/10"
  },
  "response": {
    "status": 401,
    "headers": {
    }
  },
  "metadata": null
}
I, [2021-06-07T15:03:36.627846 #9474]  INFO -- : Received request GET /product/10
D, [2021-06-07T15:03:36.627928 #9474] DEBUG -- : {
  "path": "/product/10",
  "query": "",
  "method": "get",
  "headers": {
    "Accept": "application/json, text/plain, */*",
    "Authorization": "Bearer 2021-06-07T08:03:36.623Z",
    "User-Agent": "axios/0.21.1",
    "Host": "localhost:4321",
    "Connection": "close",
    "Version": "HTTP/1.1"
  }
}
I, [2021-06-07T15:03:36.628064 #9474]  INFO -- : Found matching response for GET /product/10
D, [2021-06-07T15:03:36.628147 #9474] DEBUG -- : {
  "status": 401,
  "headers": {
  }
}
I, [2021-06-07T15:03:36.634175 #9474]  INFO -- : Verifying - interactions matched
I, [2021-06-07T15:03:36.640845 #9474]  INFO -- : Cleared interactions
I, [2021-06-07T15:03:36.647729 #9474]  INFO -- : Updating pact for Provider-docker at /Users/anhnguyen/Documents/Job/Project/Bstock/demo-pact/consumer-example/pacts/consumer-docker-provider-docker.json
I, [2021-06-07T15:03:36.648936 #9474]  INFO -- : *****************************************************************************
I, [2021-06-07T15:03:36.649022 #9474]  INFO -- : Updating existing file ./Users/anhnguyen/Documents/Job/Project/Bstock/demo-pact/consumer-example/pacts/consumer-docker-provider-docker.json as pactfile_write_mode is :update
I, [2021-06-07T15:03:36.649047 #9474]  INFO -- : Only interactions defined in this test run will be updated.
I, [2021-06-07T15:03:36.649066 #9474]  INFO -- : As interactions are identified by description and provider state, pleased note that if either of these have changed, the old interactions won't be removed from the pact file until the specs are next run with :pactfile_write_mode => :overwrite.
I, [2021-06-07T15:03:36.649083 #9474]  INFO -- : *****************************************************************************
